BEGIN;
CREATE TABLE "easy_lsml_easyprojectlog" (
    "id" integer NOT NULL PRIMARY KEY,
    "name" varchar(128) NOT NULL,
    "owner" varchar(128) NOT NULL,
    "config" varchar(65536) NOT NULL,
    "time" datetime NOT NULL,
    "status" integer NOT NULL,
    "output" varchar(65536) NOT NULL
)
;
CREATE TABLE "easy_lsml_easyproject" (
    "id" integer NOT NULL PRIMARY KEY,
    "name" varchar(128) NOT NULL,
    "owner" varchar(128) NOT NULL,
    "input_data_train" varchar(4096) NOT NULL,
    "input_data_test" varchar(4096) NOT NULL,
    "delimiter" varchar(8) NOT NULL,
    "target_var" varchar(128) NOT NULL,
    "weight_var" varchar(128) NOT NULL,
    "model_variable_list" varchar(4096) NOT NULL,
    "preserve_variable_list" varchar(4096) NOT NULL,
    "has_preproc" bool NOT NULL,
    "preproc_woe" bool NOT NULL,
    "preproc_zscl" bool NOT NULL,
    "preproc_woe_zscl" bool NOT NULL,
    "preproc_min_iv" real NOT NULL,
    "preproc_max_missing" real NOT NULL,
    "preproc_clustering" bool NOT NULL,
    "preproc_clusters" integer NOT NULL,
    "has_sas" bool NOT NULL,
    "sas_max_variable" integer NOT NULL,
    "sas_max_corr" real NOT NULL,
    "sas_output_scored" bool NOT NULL,
    "sas_output_spec" bool NOT NULL,
    "has_nn" bool NOT NULL,
    "nn_validation_variable" varchar(128) NOT NULL,
    "nn_hidden_node" varchar(20) NOT NULL,
    "nn_sensitivity" bool NOT NULL,
    "nn_output_scored" bool NOT NULL,
    "nn_output_spec" bool NOT NULL,
    "has_tree" bool NOT NULL,
    "tree_number" integer NOT NULL,
    "tree_depth" integer NOT NULL,
    "tree_leaf_size" integer NOT NULL,
    "tree_sample_rate" real NOT NULL,
    "tree_learning_rate" real NOT NULL,
    "tree_output_spec" bool NOT NULL,
    "tree_output_scored" bool NOT NULL,
    "tree_output_importance" bool NOT NULL,
    "has_custom" bool NOT NULL,
    "custom_package" varchar(4096) NOT NULL,
    "custom_script" varchar(4096) NOT NULL,
    "custom_type" varchar(32) NOT NULL,
    "custom_input" varchar(65536) NOT NULL,
    "custom_output" varchar(65536) NOT NULL,
    "has_evaluation" bool NOT NULL,
    "eva_baseline" varchar(4096) NOT NULL,
    "eva_category" varchar(4096) NOT NULL,
    "eva_variable" varchar(4096) NOT NULL,
    "eva_unit_weight" varchar(128) NOT NULL,
    "eva_dollar_weight" varchar(128) NOT NULL
)
;

COMMIT;
